<?xml version="1.0" encoding="UTF-8"?>
<testsuite name="Methodo_test.infrastructure.driving.controller.BookControllerTest" tests="2" skipped="0" failures="0" errors="0" timestamp="2025-07-02T12:53:26.975Z" hostname="MacBook-Air-de-jimmy-8.local" time="0.946">
  <properties/>
  <testcase name="should return book list()" classname="Methodo_test.infrastructure.driving.controller.BookControllerTest" time="0.784"/>
  <testcase name="should create a book()" classname="Methodo_test.infrastructure.driving.controller.BookControllerTest" time="0.161"/>
  <system-out><![CDATA[2025-07-02T14:53:26.513+02:00  INFO 25054 --- [Methodo_test] [    Test worker] t.c.s.AnnotationConfigContextLoaderUtils : Could not detect default configuration classes for test class [Methodo_test.infrastructure.driving.controller.BookControllerTest]: BookControllerTest does not declare any static, non-private, non-final, nested classes annotated with @Configuration.
2025-07-02T14:53:26.548+02:00  INFO 25054 --- [Methodo_test] [    Test worker] .b.t.c.SpringBootTestContextBootstrapper : Found @SpringBootConfiguration Methodo_test.MethodoTestApplication for test class Methodo_test.infrastructure.driving.controller.BookControllerTest

  .   ____          _            __ _ _
 /\\ / ___'_ __ _ _(_)_ __  __ _ \ \ \ \
( ( )\___ | '_ | '_| | '_ \/ _` | \ \ \ \
 \\/  ___)| |_)| | | | | || (_| |  ) ) ) )
  '  |____| .__|_| |_|_| |_\__, | / / / /
 =========|_|==============|___/=/_/_/_/

 :: Spring Boot ::                (v3.5.3)

2025-07-02T14:53:26.575+02:00  INFO 25054 --- [Methodo_test] [    Test worker] M.i.d.controller.BookControllerTest      : Starting BookControllerTest using Java 21.0.7 with PID 25054 (started by sprumontjimmy in /Users/sprumontjimmy/Mes documents/Data_scientist/Test unitaire/TP_gestion_de_livre_github)
2025-07-02T14:53:26.576+02:00  INFO 25054 --- [Methodo_test] [    Test worker] M.i.d.controller.BookControllerTest      : No active profile set, falling back to 1 default profile: "default"
2025-07-02T14:53:26.936+02:00  INFO 25054 --- [Methodo_test] [    Test worker] o.s.b.t.m.w.SpringBootMockServletContext : Initializing Spring TestDispatcherServlet ''
2025-07-02T14:53:26.936+02:00  INFO 25054 --- [Methodo_test] [    Test worker] o.s.t.web.servlet.TestDispatcherServlet  : Initializing Servlet ''
2025-07-02T14:53:26.938+02:00  INFO 25054 --- [Methodo_test] [    Test worker] o.s.t.web.servlet.TestDispatcherServlet  : Completed initialization in 1 ms
2025-07-02T14:53:26.968+02:00  INFO 25054 --- [Methodo_test] [    Test worker] M.i.d.controller.BookControllerTest      : Started BookControllerTest in 0.414 seconds (process running for 9.409)
]]></system-out>
  <system-err><![CDATA[]]></system-err>
</testsuite>
