<?xml version="1.0" encoding="UTF-8"?>
<testsuite name="Methodo_test.usecase.BookServiceTest" tests="2" skipped="0" failures="0" errors="0" timestamp="2025-07-02T12:53:33.032Z" hostname="MacBook-Air-de-jimmy-8.local" time="0.106">
  <properties/>
  <testcase name="should add a book" classname="Methodo_test.usecase.BookServiceTest" time="0.06"/>
  <testcase name="should list all books sorted by title" classname="Methodo_test.usecase.BookServiceTest" time="0.044"/>
  <system-out><![CDATA[]]></system-out>
  <system-err><![CDATA[]]></system-err>
</testsuite>
